rv Version 3.4                        Sun Jun 19 07:02:07 2022
kelas

Header
R
C

Loc   Code
0000  0141a283 
0004  0181a303 
0008  006282b3 
000c  04028000 
0010  00000000 
0014  00000002 
0018  00000003 
======================================================= Output
5
=========================================== Program statistics
Input file name       = r0201.hex
Instructions executed = 5 (decimal)
Program size          = 1c (hex) 28 (decimal)
Load point            = 0 (hex) 0 (decimal)
Programmer            = kelas
